<?xml version="1.0" encoding="UTF-8"?>
<testsuite name="TicTacToe.TicTacToeTest" tests="4" skipped="0" failures="0" errors="0" timestamp="2014-10-30T02:27:41" hostname="i-a4933858" time="0.011">
  <properties/>
  <testcase name="testIsBoardFull" classname="TicTacToe.TicTacToeTest" time="0.002"/>
  <testcase name="testChangePlayer" classname="TicTacToe.TicTacToeTest" time="0.0"/>
  <testcase name="testPlayerMove" classname="TicTacToe.TicTacToeTest" time="0.0"/>
  <testcase name="testResetBoard" classname="TicTacToe.TicTacToeTest" time="0.001"/>
  <system-out><![CDATA[]]></system-out>
  <system-err><![CDATA[]]></system-err>
</testsuite>
