<?xml version="1.0" encoding="UTF-8"?>
<testsuite name="TicTacToe.TicTacToeTest" tests="1" skipped="0" failures="0" errors="0" timestamp="2014-10-30T01:24:35" hostname="i-a4933858" time="0.003">
  <properties/>
  <testcase name="testResetBoard" classname="TicTacToe.TicTacToeTest" time="0.003"/>
  <system-out><![CDATA[]]></system-out>
  <system-err><![CDATA[]]></system-err>
</testsuite>
